CRITICAL - 2023-10-04 14:30:27 --> syntax error, unexpected end of file
in APPPATH\Config\Routes.php on line 18.
 1 SYSTEMPATH\CodeIgniter.php(787): CodeIgniter\Router\RouteCollection->loadRoutes()
 2 SYSTEMPATH\CodeIgniter.php(442): CodeIgniter\CodeIgniter->tryToRouteIt(null)
 3 SYSTEMPATH\CodeIgniter.php(353): CodeIgniter\CodeIgniter->handleRequest(null, Object(Config\Cache), false)
 4 FCPATH\index.php(79): CodeIgniter\CodeIgniter->run()
 5 SYSTEMPATH\Commands\Server\rewrite.php(47): require_once('C:\\Users\\jj190\\OneDrive\\Documentos\\codeigniter4-framework-v4.4.1-0-g844616e\\codeigniter4-framework-844616e\\public\\index.php')
CRITICAL - 2023-10-04 14:32:24 --> syntax error, unexpected end of file
in APPPATH\Config\Routes.php on line 18.
 1 SYSTEMPATH\CodeIgniter.php(787): CodeIgniter\Router\RouteCollection->loadRoutes()
 2 SYSTEMPATH\CodeIgniter.php(442): CodeIgniter\CodeIgniter->tryToRouteIt(null)
 3 SYSTEMPATH\CodeIgniter.php(353): CodeIgniter\CodeIgniter->handleRequest(null, Object(Config\Cache), false)
 4 FCPATH\index.php(79): CodeIgniter\CodeIgniter->run()
 5 SYSTEMPATH\Commands\Server\rewrite.php(47): require_once('C:\\Users\\jj190\\OneDrive\\Documentos\\codeigniter4-framework-v4.4.1-0-g844616e\\codeigniter4-framework-844616e\\public\\index.php')
ERROR - 2023-10-04 14:39:21 --> mysqli_sql_exception: You have an error in your SQL syntax; check the manual that corresponds to your MariaDB server version for the right syntax to use near 'as
        categories as c right join posts as p on p.category as =c.id left...' at line 1 in C:\Users\jj190\OneDrive\Documentos\codeigniter4-framework-v4.4.1-0-g844616e\codeigniter4-framework-844616e\system\Database\MySQLi\Connection.php:306
Stack trace:
#0 C:\Users\jj190\OneDrive\Documentos\codeigniter4-framework-v4.4.1-0-g844616e\codeigniter4-framework-844616e\system\Database\MySQLi\Connection.php(306): mysqli->query('select c.catego...', 0)
#1 C:\Users\jj190\OneDrive\Documentos\codeigniter4-framework-v4.4.1-0-g844616e\codeigniter4-framework-844616e\system\Database\BaseConnection.php(692): CodeIgniter\Database\MySQLi\Connection->execute('select c.catego...')
#2 C:\Users\jj190\OneDrive\Documentos\codeigniter4-framework-v4.4.1-0-g844616e\codeigniter4-framework-844616e\system\Database\BaseConnection.php(606): CodeIgniter\Database\BaseConnection->simpleQuery('select c.catego...')
#3 C:\Users\jj190\OneDrive\Documentos\codeigniter4-framework-v4.4.1-0-g844616e\codeigniter4-framework-844616e\app\Controllers\PostController.php(11): CodeIgniter\Database\BaseConnection->query('select c.catego...')
#4 C:\Users\jj190\OneDrive\Documentos\codeigniter4-framework-v4.4.1-0-g844616e\codeigniter4-framework-844616e\system\CodeIgniter.php(919): App\Controllers\PostController->ejercicio01()
#5 C:\Users\jj190\OneDrive\Documentos\codeigniter4-framework-v4.4.1-0-g844616e\codeigniter4-framework-844616e\system\CodeIgniter.php(494): CodeIgniter\CodeIgniter->runController(Object(App\Controllers\PostController))
#6 C:\Users\jj190\OneDrive\Documentos\codeigniter4-framework-v4.4.1-0-g844616e\codeigniter4-framework-844616e\system\CodeIgniter.php(353): CodeIgniter\CodeIgniter->handleRequest(NULL, Object(Config\Cache), false)
#7 C:\Users\jj190\OneDrive\Documentos\codeigniter4-framework-v4.4.1-0-g844616e\codeigniter4-framework-844616e\public\index.php(79): CodeIgniter\CodeIgniter->run()
#8 C:\Users\jj190\OneDrive\Documentos\codeigniter4-framework-v4.4.1-0-g844616e\codeigniter4-framework-844616e\system\Commands\Server\rewrite.php(47): require_once('C:\\Users\\jj190\\...')
#9 {main}
CRITICAL - 2023-10-04 14:39:21 --> You have an error in your SQL syntax; check the manual that corresponds to your MariaDB server version for the right syntax to use near 'as
        categories as c right join posts as p on p.category as =c.id left...' at line 1
in SYSTEMPATH\Database\BaseConnection.php on line 646.
 1 APPPATH\Controllers\PostController.php(11): CodeIgniter\Database\BaseConnection->query('select c.category, p.id, p.title, p.username from as
        categories as c right join posts as p on p.category as =c.id left join
        users as u on u.id = p.autor where p.created_at between "2023/01/01" and
        "2023/12/31" limit 10')
 2 SYSTEMPATH\CodeIgniter.php(919): App\Controllers\PostController->ejercicio01()
 3 SYSTEMPATH\CodeIgniter.php(494): CodeIgniter\CodeIgniter->runController(Object(App\Controllers\PostController))
 4 SYSTEMPATH\CodeIgniter.php(353): CodeIgniter\CodeIgniter->handleRequest(null, Object(Config\Cache), false)
 5 FCPATH\index.php(79): CodeIgniter\CodeIgniter->run()
 6 SYSTEMPATH\Commands\Server\rewrite.php(47): require_once('C:\\Users\\jj190\\OneDrive\\Documentos\\codeigniter4-framework-v4.4.1-0-g844616e\\codeigniter4-framework-844616e\\public\\index.php')
CRITICAL - 2023-10-04 14:46:35 --> Undefined variable $db
in APPPATH\Controllers\PostController.php on line 10.
 1 APPPATH\Controllers\PostController.php(10): CodeIgniter\Debug\Exceptions->errorHandler(2, 'Undefined variable $db', 'C:\\Users\\jj190\\OneDrive\\Documentos\\codeigniter4-framework-v4.4.1-0-g844616e\\codeigniter4-framework-844616e\\app\\Controllers\\PostController.php', 10)
 2 SYSTEMPATH\CodeIgniter.php(919): App\Controllers\PostController->ejercicio01()
 3 SYSTEMPATH\CodeIgniter.php(494): CodeIgniter\CodeIgniter->runController(Object(App\Controllers\PostController))
 4 SYSTEMPATH\CodeIgniter.php(353): CodeIgniter\CodeIgniter->handleRequest(null, Object(Config\Cache), false)
 5 FCPATH\index.php(79): CodeIgniter\CodeIgniter->run()
 6 SYSTEMPATH\Commands\Server\rewrite.php(47): require_once('C:\\Users\\jj190\\OneDrive\\Documentos\\codeigniter4-framework-v4.4.1-0-g844616e\\codeigniter4-framework-844616e\\public\\index.php')
ERROR - 2023-10-04 14:50:49 --> mysqli_sql_exception: You have an error in your SQL syntax; check the manual that corresponds to your MariaDB server version for the right syntax to use near 'users' at line 2 in C:\Users\jj190\OneDrive\Documentos\codeigniter4-framework-v4.4.1-0-g844616e\codeigniter4-framework-844616e\system\Database\MySQLi\Connection.php:306
Stack trace:
#0 C:\Users\jj190\OneDrive\Documentos\codeigniter4-framework-v4.4.1-0-g844616e\codeigniter4-framework-844616e\system\Database\MySQLi\Connection.php(306): mysqli->query('select count(*)...', 0)
#1 C:\Users\jj190\OneDrive\Documentos\codeigniter4-framework-v4.4.1-0-g844616e\codeigniter4-framework-844616e\system\Database\BaseConnection.php(692): CodeIgniter\Database\MySQLi\Connection->execute('select count(*)...')
#2 C:\Users\jj190\OneDrive\Documentos\codeigniter4-framework-v4.4.1-0-g844616e\codeigniter4-framework-844616e\system\Database\BaseConnection.php(606): CodeIgniter\Database\BaseConnection->simpleQuery('select count(*)...')
#3 C:\Users\jj190\OneDrive\Documentos\codeigniter4-framework-v4.4.1-0-g844616e\codeigniter4-framework-844616e\app\Controllers\PostController.php(28): CodeIgniter\Database\BaseConnection->query('select count(*)...')
#4 C:\Users\jj190\OneDrive\Documentos\codeigniter4-framework-v4.4.1-0-g844616e\codeigniter4-framework-844616e\system\CodeIgniter.php(919): App\Controllers\PostController->ejercicio05()
#5 C:\Users\jj190\OneDrive\Documentos\codeigniter4-framework-v4.4.1-0-g844616e\codeigniter4-framework-844616e\system\CodeIgniter.php(494): CodeIgniter\CodeIgniter->runController(Object(App\Controllers\PostController))
#6 C:\Users\jj190\OneDrive\Documentos\codeigniter4-framework-v4.4.1-0-g844616e\codeigniter4-framework-844616e\system\CodeIgniter.php(353): CodeIgniter\CodeIgniter->handleRequest(NULL, Object(Config\Cache), false)
#7 C:\Users\jj190\OneDrive\Documentos\codeigniter4-framework-v4.4.1-0-g844616e\codeigniter4-framework-844616e\public\index.php(79): CodeIgniter\CodeIgniter->run()
#8 C:\Users\jj190\OneDrive\Documentos\codeigniter4-framework-v4.4.1-0-g844616e\codeigniter4-framework-844616e\system\Commands\Server\rewrite.php(47): require_once('C:\\Users\\jj190\\...')
#9 {main}
CRITICAL - 2023-10-04 14:50:49 --> You have an error in your SQL syntax; check the manual that corresponds to your MariaDB server version for the right syntax to use near 'users' at line 2
in SYSTEMPATH\Database\BaseConnection.php on line 646.
 1 APPPATH\Controllers\PostController.php(28): CodeIgniter\Database\BaseConnection->query('select count(*) form 
        users')
 2 SYSTEMPATH\CodeIgniter.php(919): App\Controllers\PostController->ejercicio05()
 3 SYSTEMPATH\CodeIgniter.php(494): CodeIgniter\CodeIgniter->runController(Object(App\Controllers\PostController))
 4 SYSTEMPATH\CodeIgniter.php(353): CodeIgniter\CodeIgniter->handleRequest(null, Object(Config\Cache), false)
 5 FCPATH\index.php(79): CodeIgniter\CodeIgniter->run()
 6 SYSTEMPATH\Commands\Server\rewrite.php(47): require_once('C:\\Users\\jj190\\OneDrive\\Documentos\\codeigniter4-framework-v4.4.1-0-g844616e\\codeigniter4-framework-844616e\\public\\index.php')
ERROR - 2023-10-04 14:51:40 --> mysqli_sql_exception: You have an error in your SQL syntax; check the manual that corresponds to your MariaDB server version for the right syntax to use near 'users' at line 2 in C:\Users\jj190\OneDrive\Documentos\codeigniter4-framework-v4.4.1-0-g844616e\codeigniter4-framework-844616e\system\Database\MySQLi\Connection.php:306
Stack trace:
#0 C:\Users\jj190\OneDrive\Documentos\codeigniter4-framework-v4.4.1-0-g844616e\codeigniter4-framework-844616e\system\Database\MySQLi\Connection.php(306): mysqli->query('select count(*)...', 0)
#1 C:\Users\jj190\OneDrive\Documentos\codeigniter4-framework-v4.4.1-0-g844616e\codeigniter4-framework-844616e\system\Database\BaseConnection.php(692): CodeIgniter\Database\MySQLi\Connection->execute('select count(*)...')
#2 C:\Users\jj190\OneDrive\Documentos\codeigniter4-framework-v4.4.1-0-g844616e\codeigniter4-framework-844616e\system\Database\BaseConnection.php(606): CodeIgniter\Database\BaseConnection->simpleQuery('select count(*)...')
#3 C:\Users\jj190\OneDrive\Documentos\codeigniter4-framework-v4.4.1-0-g844616e\codeigniter4-framework-844616e\app\Controllers\PostController.php(28): CodeIgniter\Database\BaseConnection->query('select count(*)...')
#4 C:\Users\jj190\OneDrive\Documentos\codeigniter4-framework-v4.4.1-0-g844616e\codeigniter4-framework-844616e\system\CodeIgniter.php(919): App\Controllers\PostController->ejercicio05()
#5 C:\Users\jj190\OneDrive\Documentos\codeigniter4-framework-v4.4.1-0-g844616e\codeigniter4-framework-844616e\system\CodeIgniter.php(494): CodeIgniter\CodeIgniter->runController(Object(App\Controllers\PostController))
#6 C:\Users\jj190\OneDrive\Documentos\codeigniter4-framework-v4.4.1-0-g844616e\codeigniter4-framework-844616e\system\CodeIgniter.php(353): CodeIgniter\CodeIgniter->handleRequest(NULL, Object(Config\Cache), false)
#7 C:\Users\jj190\OneDrive\Documentos\codeigniter4-framework-v4.4.1-0-g844616e\codeigniter4-framework-844616e\public\index.php(79): CodeIgniter\CodeIgniter->run()
#8 C:\Users\jj190\OneDrive\Documentos\codeigniter4-framework-v4.4.1-0-g844616e\codeigniter4-framework-844616e\system\Commands\Server\rewrite.php(47): require_once('C:\\Users\\jj190\\...')
#9 {main}
CRITICAL - 2023-10-04 14:51:40 --> You have an error in your SQL syntax; check the manual that corresponds to your MariaDB server version for the right syntax to use near 'users' at line 2
in SYSTEMPATH\Database\BaseConnection.php on line 646.
 1 APPPATH\Controllers\PostController.php(28): CodeIgniter\Database\BaseConnection->query('select count(*) form 
        users')
 2 SYSTEMPATH\CodeIgniter.php(919): App\Controllers\PostController->ejercicio05()
 3 SYSTEMPATH\CodeIgniter.php(494): CodeIgniter\CodeIgniter->runController(Object(App\Controllers\PostController))
 4 SYSTEMPATH\CodeIgniter.php(353): CodeIgniter\CodeIgniter->handleRequest(null, Object(Config\Cache), false)
 5 FCPATH\index.php(79): CodeIgniter\CodeIgniter->run()
 6 SYSTEMPATH\Commands\Server\rewrite.php(47): require_once('C:\\Users\\jj190\\OneDrive\\Documentos\\codeigniter4-framework-v4.4.1-0-g844616e\\codeigniter4-framework-844616e\\public\\index.php')
ERROR - 2023-10-04 14:52:52 --> mysqli_sql_exception: You have an error in your SQL syntax; check the manual that corresponds to your MariaDB server version for the right syntax to use near 'users' at line 2 in C:\Users\jj190\OneDrive\Documentos\codeigniter4-framework-v4.4.1-0-g844616e\codeigniter4-framework-844616e\system\Database\MySQLi\Connection.php:306
Stack trace:
#0 C:\Users\jj190\OneDrive\Documentos\codeigniter4-framework-v4.4.1-0-g844616e\codeigniter4-framework-844616e\system\Database\MySQLi\Connection.php(306): mysqli->query('select count(*)...', 0)
#1 C:\Users\jj190\OneDrive\Documentos\codeigniter4-framework-v4.4.1-0-g844616e\codeigniter4-framework-844616e\system\Database\BaseConnection.php(692): CodeIgniter\Database\MySQLi\Connection->execute('select count(*)...')
#2 C:\Users\jj190\OneDrive\Documentos\codeigniter4-framework-v4.4.1-0-g844616e\codeigniter4-framework-844616e\system\Database\BaseConnection.php(606): CodeIgniter\Database\BaseConnection->simpleQuery('select count(*)...')
#3 C:\Users\jj190\OneDrive\Documentos\codeigniter4-framework-v4.4.1-0-g844616e\codeigniter4-framework-844616e\app\Controllers\PostController.php(28): CodeIgniter\Database\BaseConnection->query('select count(*)...')
#4 C:\Users\jj190\OneDrive\Documentos\codeigniter4-framework-v4.4.1-0-g844616e\codeigniter4-framework-844616e\system\CodeIgniter.php(919): App\Controllers\PostController->ejercicio05()
#5 C:\Users\jj190\OneDrive\Documentos\codeigniter4-framework-v4.4.1-0-g844616e\codeigniter4-framework-844616e\system\CodeIgniter.php(494): CodeIgniter\CodeIgniter->runController(Object(App\Controllers\PostController))
#6 C:\Users\jj190\OneDrive\Documentos\codeigniter4-framework-v4.4.1-0-g844616e\codeigniter4-framework-844616e\system\CodeIgniter.php(353): CodeIgniter\CodeIgniter->handleRequest(NULL, Object(Config\Cache), false)
#7 C:\Users\jj190\OneDrive\Documentos\codeigniter4-framework-v4.4.1-0-g844616e\codeigniter4-framework-844616e\public\index.php(79): CodeIgniter\CodeIgniter->run()
#8 C:\Users\jj190\OneDrive\Documentos\codeigniter4-framework-v4.4.1-0-g844616e\codeigniter4-framework-844616e\system\Commands\Server\rewrite.php(47): require_once('C:\\Users\\jj190\\...')
#9 {main}
CRITICAL - 2023-10-04 14:52:52 --> You have an error in your SQL syntax; check the manual that corresponds to your MariaDB server version for the right syntax to use near 'users' at line 2
in SYSTEMPATH\Database\BaseConnection.php on line 646.
 1 APPPATH\Controllers\PostController.php(28): CodeIgniter\Database\BaseConnection->query('select count(*) form 
        users')
 2 SYSTEMPATH\CodeIgniter.php(919): App\Controllers\PostController->ejercicio05()
 3 SYSTEMPATH\CodeIgniter.php(494): CodeIgniter\CodeIgniter->runController(Object(App\Controllers\PostController))
 4 SYSTEMPATH\CodeIgniter.php(353): CodeIgniter\CodeIgniter->handleRequest(null, Object(Config\Cache), false)
 5 FCPATH\index.php(79): CodeIgniter\CodeIgniter->run()
 6 SYSTEMPATH\Commands\Server\rewrite.php(47): require_once('C:\\Users\\jj190\\OneDrive\\Documentos\\codeigniter4-framework-v4.4.1-0-g844616e\\codeigniter4-framework-844616e\\public\\index.php')
